Der Buildvorgang wurde am 09.09.2019 12:09:13 gestartet.
     1>Projekt "C:\Users\f.valverde\Documents\c++_Projekte\uebungen8-10\uebungen8-10\uebungen8-10.vcxproj" auf Knoten "2", build Ziel(e).
     1>InitializeBuildStatus:
         "Debug\uebungen8-10.unsuccessfulbuild" wird erstellt, da "AlwaysCreate" angegeben wurde.
       ClCompile:
         c:\Program Files (x86)\Microsoft Visual Studio 10.0\VC\bin\CL.exe /c /ZI /nologo /W3 /WX- /Od /Oy- /D WIN32 /D _DEBUG /D _CONSOLE /D _UNICODE /D UNICODE /Gm /EHsc /RTC1 /MDd /GS /fp:precise /Zc:wchar_t /Zc:forScope /Fo"Debug\\" /Fd"Debug\vc100.pdb" /Gd /TP /analyze- /errorReport:prompt main.cpp
         main.cpp
     1>c:\users\f.valverde\documents\c++_projekte\uebungen8-10\uebungen8-10\main.cpp(23): warning C4101: 'groesstenTeiler': Unreferenzierte lokale Variable
       ManifestResourceCompile:
         Alle Ausgaben sind aktuell.
       Link:
         c:\Program Files (x86)\Microsoft Visual Studio 10.0\VC\bin\link.exe /ERRORREPORT:PROMPT /OUT:"C:\Users\f.valverde\Documents\c++_Projekte\uebungen8-10\Debug\uebungen8-10.exe" /INCREMENTAL /NOLOGO kernel32.lib user32.lib gdi32.lib winspool.lib comdlg32.lib advapi32.lib shell32.lib ole32.lib oleaut32.lib uuid.lib odbc32.lib odbccp32.lib /MANIFEST /ManifestFile:"Debug\uebungen8-10.exe.intermediate.manifest" /MANIFESTUAC:"level='asInvoker' uiAccess='false'" /DEBUG /PDB:"C:\Users\f.valverde\Documents\c++_Projekte\uebungen8-10\Debug\uebungen8-10.pdb" /SUBSYSTEM:CONSOLE /TLBID:1 /DYNAMICBASE /NXCOMPAT /IMPLIB:"C:\Users\f.valverde\Documents\c++_Projekte\uebungen8-10\Debug\uebungen8-10.lib" /MACHINE:X86 "Debug\uebungen8-10.exe.embed.manifest.res"
         Debug\main.obj
       Manifest:
         C:\Program Files (x86)\Microsoft SDKs\Windows\v7.0A\bin\mt.exe /nologo /verbose /out:"Debug\uebungen8-10.exe.embed.manifest" /manifest "Debug\uebungen8-10.exe.intermediate.manifest"
         Alle Ausgaben sind aktuell.
       LinkEmbedManifest:
         Alle Ausgaben sind aktuell.
         uebungen8-10.vcxproj -> C:\Users\f.valverde\Documents\c++_Projekte\uebungen8-10\Debug\uebungen8-10.exe
       FinalizeBuildStatus:
         Die Datei "Debug\uebungen8-10.unsuccessfulbuild" wird gelöscht.
         Aktualisieren des Timestamps von "Debug\uebungen8-10.lastbuildstate".
     1>Die Erstellung des Projekts "C:\Users\f.valverde\Documents\c++_Projekte\uebungen8-10\uebungen8-10\uebungen8-10.vcxproj" ist abgeschlossen, build Ziel(e).

Das Erstellen war erfolgreich.

Verstrichene Zeit 00:00:01.48
